2015-11-20 13:27:28 DEBUG PropertiesConfiguration:588 - FileName set to /Users/poj871/GitHubrepos/oss/opensoc-streaming/OpenSOC-Topologies/src/main/resources/OpenSOC_Configs//topologies/asa/topology.conf
2015-11-20 13:27:28 DEBUG ConfigurationUtils:449 - ConfigurationUtils.locate(): base is null, name is /Users/poj871/GitHubrepos/oss/opensoc-streaming/OpenSOC-Topologies/src/main/resources/OpenSOC_Configs//topologies/asa/topology.conf
2015-11-20 13:27:28 DEBUG DefaultFileSystem:281 - Could not locate file /Users/poj871/GitHubrepos/oss/opensoc-streaming/OpenSOC-Topologies/src/main/resources/OpenSOC_Configs//topologies/asa/topology.conf at null: no protocol: /Users/poj871/GitHubrepos/oss/opensoc-streaming/OpenSOC-Topologies/src/main/resources/OpenSOC_Configs//topologies/asa/topology.conf
2015-11-20 13:27:28 DEBUG ConfigurationUtils:471 - Loading configuration from the absolute path /Users/poj871/GitHubrepos/oss/opensoc-streaming/OpenSOC-Topologies/src/main/resources/OpenSOC_Configs//topologies/asa/topology.conf
2015-11-20 13:27:28 DEBUG PropertiesConfiguration:626 - Base path set to file:///Users/poj871/GitHubrepos/oss/opensoc-streaming/OpenSOC-Topologies/src/main/resources/OpenSOC_Configs/topologies/asa/topology.conf
2015-11-20 13:27:28 DEBUG ConfigurationUtils:449 - ConfigurationUtils.locate(): base is file:///Users/poj871/GitHubrepos/oss/opensoc-streaming/OpenSOC-Topologies/src/main/resources/OpenSOC_Configs/topologies/asa/topology.conf, name is ../../etc/env/environment_common.conf
2015-11-20 13:27:28 DEBUG ConfigurationUtils:449 - ConfigurationUtils.locate(): base is file:///Users/poj871/GitHubrepos/oss/opensoc-streaming/OpenSOC-Topologies/src/main/resources/OpenSOC_Configs/topologies/asa/topology.conf, name is ../../etc/env/es_connection.conf
2015-11-20 13:27:28 DEBUG ConfigurationUtils:449 - ConfigurationUtils.locate(): base is file:///Users/poj871/GitHubrepos/oss/opensoc-streaming/OpenSOC-Topologies/src/main/resources/OpenSOC_Configs/topologies/asa/topology.conf, name is ../../etc/env/hdfs_connection.conf
2015-11-20 13:27:28 DEBUG ConfigurationUtils:449 - ConfigurationUtils.locate(): base is file:///Users/poj871/GitHubrepos/oss/opensoc-streaming/OpenSOC-Topologies/src/main/resources/OpenSOC_Configs/topologies/asa/topology.conf, name is ../../etc/env/mysql_connection.conf
2015-11-20 13:27:28 DEBUG ConfigurationUtils:449 - ConfigurationUtils.locate(): base is file:///Users/poj871/GitHubrepos/oss/opensoc-streaming/OpenSOC-Topologies/src/main/resources/OpenSOC_Configs/topologies/asa/topology.conf, name is metrics.conf
2015-11-20 13:27:28 DEBUG ConfigurationUtils:449 - ConfigurationUtils.locate(): base is file:///Users/poj871/GitHubrepos/oss/opensoc-streaming/OpenSOC-Topologies/src/main/resources/OpenSOC_Configs/topologies/asa/topology.conf, name is features_enabled.conf
2015-11-20 13:27:28 DEBUG PropertiesConfiguration:588 - FileName set to /Users/poj871/GitHubrepos/oss/opensoc-streaming/OpenSOC-Topologies/src/main/resources/OpenSOC_Configs//topologies/environment_identifier.conf
2015-11-20 13:27:28 DEBUG ConfigurationUtils:449 - ConfigurationUtils.locate(): base is null, name is /Users/poj871/GitHubrepos/oss/opensoc-streaming/OpenSOC-Topologies/src/main/resources/OpenSOC_Configs//topologies/environment_identifier.conf
2015-11-20 13:27:28 DEBUG DefaultFileSystem:281 - Could not locate file /Users/poj871/GitHubrepos/oss/opensoc-streaming/OpenSOC-Topologies/src/main/resources/OpenSOC_Configs//topologies/environment_identifier.conf at null: no protocol: /Users/poj871/GitHubrepos/oss/opensoc-streaming/OpenSOC-Topologies/src/main/resources/OpenSOC_Configs//topologies/environment_identifier.conf
2015-11-20 13:27:28 DEBUG ConfigurationUtils:471 - Loading configuration from the absolute path /Users/poj871/GitHubrepos/oss/opensoc-streaming/OpenSOC-Topologies/src/main/resources/OpenSOC_Configs//topologies/environment_identifier.conf
2015-11-20 13:27:28 DEBUG PropertiesConfiguration:626 - Base path set to file:///Users/poj871/GitHubrepos/oss/opensoc-streaming/OpenSOC-Topologies/src/main/resources/OpenSOC_Configs/topologies/environment_identifier.conf
2015-11-20 13:27:28 DEBUG PropertiesConfiguration:588 - FileName set to /Users/poj871/GitHubrepos/oss/opensoc-streaming/OpenSOC-Topologies/src/main/resources/OpenSOC_Configs//topologies/asa/topology_identifier.conf
2015-11-20 13:27:28 DEBUG ConfigurationUtils:449 - ConfigurationUtils.locate(): base is null, name is /Users/poj871/GitHubrepos/oss/opensoc-streaming/OpenSOC-Topologies/src/main/resources/OpenSOC_Configs//topologies/asa/topology_identifier.conf
2015-11-20 13:27:28 DEBUG DefaultFileSystem:281 - Could not locate file /Users/poj871/GitHubrepos/oss/opensoc-streaming/OpenSOC-Topologies/src/main/resources/OpenSOC_Configs//topologies/asa/topology_identifier.conf at null: no protocol: /Users/poj871/GitHubrepos/oss/opensoc-streaming/OpenSOC-Topologies/src/main/resources/OpenSOC_Configs//topologies/asa/topology_identifier.conf
2015-11-20 13:27:28 DEBUG ConfigurationUtils:471 - Loading configuration from the absolute path /Users/poj871/GitHubrepos/oss/opensoc-streaming/OpenSOC-Topologies/src/main/resources/OpenSOC_Configs//topologies/asa/topology_identifier.conf
2015-11-20 13:27:28 DEBUG PropertiesConfiguration:626 - Base path set to file:///Users/poj871/GitHubrepos/oss/opensoc-streaming/OpenSOC-Topologies/src/main/resources/OpenSOC_Configs/topologies/asa/topology_identifier.conf
2015-11-20 13:27:29 DEBUG PropertiesConfiguration:588 - FileName set to OpenSOC_Configs/etc/whitelists/known_hosts.conf
2015-11-20 13:27:29 DEBUG ConfigurationUtils:449 - ConfigurationUtils.locate(): base is null, name is OpenSOC_Configs/etc/whitelists/known_hosts.conf
2015-11-20 13:27:29 DEBUG DefaultFileSystem:281 - Could not locate file OpenSOC_Configs/etc/whitelists/known_hosts.conf at null: no protocol: OpenSOC_Configs/etc/whitelists/known_hosts.conf
2015-11-20 13:27:29 DEBUG ConfigurationUtils:550 - Loading configuration from the context classpath (OpenSOC_Configs/etc/whitelists/known_hosts.conf)
2015-11-20 13:27:29 DEBUG PropertiesConfiguration:626 - Base path set to file:///Users/poj871/GitHubrepos/oss/opensoc-streaming/OpenSOC-Topologies/target/classes/OpenSOC_Configs/etc/whitelists/known_hosts.conf
2015-11-20 13:28:06 DEBUG PropertiesConfiguration:588 - FileName set to /Users/poj871/GitHubrepos/oss/opensoc-streaming/OpenSOC-Topologies/src/main/resources/OpenSOC_Configs//topologies/asa/topology.conf
2015-11-20 13:28:06 DEBUG ConfigurationUtils:449 - ConfigurationUtils.locate(): base is null, name is /Users/poj871/GitHubrepos/oss/opensoc-streaming/OpenSOC-Topologies/src/main/resources/OpenSOC_Configs//topologies/asa/topology.conf
2015-11-20 13:28:06 DEBUG DefaultFileSystem:281 - Could not locate file /Users/poj871/GitHubrepos/oss/opensoc-streaming/OpenSOC-Topologies/src/main/resources/OpenSOC_Configs//topologies/asa/topology.conf at null: no protocol: /Users/poj871/GitHubrepos/oss/opensoc-streaming/OpenSOC-Topologies/src/main/resources/OpenSOC_Configs//topologies/asa/topology.conf
2015-11-20 13:28:06 DEBUG ConfigurationUtils:471 - Loading configuration from the absolute path /Users/poj871/GitHubrepos/oss/opensoc-streaming/OpenSOC-Topologies/src/main/resources/OpenSOC_Configs//topologies/asa/topology.conf
2015-11-20 13:28:06 DEBUG PropertiesConfiguration:626 - Base path set to file:///Users/poj871/GitHubrepos/oss/opensoc-streaming/OpenSOC-Topologies/src/main/resources/OpenSOC_Configs/topologies/asa/topology.conf
2015-11-20 13:28:06 DEBUG ConfigurationUtils:449 - ConfigurationUtils.locate(): base is file:///Users/poj871/GitHubrepos/oss/opensoc-streaming/OpenSOC-Topologies/src/main/resources/OpenSOC_Configs/topologies/asa/topology.conf, name is ../../etc/env/environment_common.conf
2015-11-20 13:28:06 DEBUG ConfigurationUtils:449 - ConfigurationUtils.locate(): base is file:///Users/poj871/GitHubrepos/oss/opensoc-streaming/OpenSOC-Topologies/src/main/resources/OpenSOC_Configs/topologies/asa/topology.conf, name is ../../etc/env/es_connection.conf
2015-11-20 13:28:06 DEBUG ConfigurationUtils:449 - ConfigurationUtils.locate(): base is file:///Users/poj871/GitHubrepos/oss/opensoc-streaming/OpenSOC-Topologies/src/main/resources/OpenSOC_Configs/topologies/asa/topology.conf, name is ../../etc/env/hdfs_connection.conf
2015-11-20 13:28:06 DEBUG ConfigurationUtils:449 - ConfigurationUtils.locate(): base is file:///Users/poj871/GitHubrepos/oss/opensoc-streaming/OpenSOC-Topologies/src/main/resources/OpenSOC_Configs/topologies/asa/topology.conf, name is ../../etc/env/mysql_connection.conf
2015-11-20 13:28:06 DEBUG ConfigurationUtils:449 - ConfigurationUtils.locate(): base is file:///Users/poj871/GitHubrepos/oss/opensoc-streaming/OpenSOC-Topologies/src/main/resources/OpenSOC_Configs/topologies/asa/topology.conf, name is metrics.conf
2015-11-20 13:28:06 DEBUG ConfigurationUtils:449 - ConfigurationUtils.locate(): base is file:///Users/poj871/GitHubrepos/oss/opensoc-streaming/OpenSOC-Topologies/src/main/resources/OpenSOC_Configs/topologies/asa/topology.conf, name is features_enabled.conf
2015-11-20 13:28:06 DEBUG PropertiesConfiguration:588 - FileName set to /Users/poj871/GitHubrepos/oss/opensoc-streaming/OpenSOC-Topologies/src/main/resources/OpenSOC_Configs//topologies/environment_identifier.conf
2015-11-20 13:28:06 DEBUG ConfigurationUtils:449 - ConfigurationUtils.locate(): base is null, name is /Users/poj871/GitHubrepos/oss/opensoc-streaming/OpenSOC-Topologies/src/main/resources/OpenSOC_Configs//topologies/environment_identifier.conf
2015-11-20 13:28:06 DEBUG DefaultFileSystem:281 - Could not locate file /Users/poj871/GitHubrepos/oss/opensoc-streaming/OpenSOC-Topologies/src/main/resources/OpenSOC_Configs//topologies/environment_identifier.conf at null: no protocol: /Users/poj871/GitHubrepos/oss/opensoc-streaming/OpenSOC-Topologies/src/main/resources/OpenSOC_Configs//topologies/environment_identifier.conf
2015-11-20 13:28:06 DEBUG ConfigurationUtils:471 - Loading configuration from the absolute path /Users/poj871/GitHubrepos/oss/opensoc-streaming/OpenSOC-Topologies/src/main/resources/OpenSOC_Configs//topologies/environment_identifier.conf
2015-11-20 13:28:06 DEBUG PropertiesConfiguration:626 - Base path set to file:///Users/poj871/GitHubrepos/oss/opensoc-streaming/OpenSOC-Topologies/src/main/resources/OpenSOC_Configs/topologies/environment_identifier.conf
2015-11-20 13:28:06 DEBUG PropertiesConfiguration:588 - FileName set to /Users/poj871/GitHubrepos/oss/opensoc-streaming/OpenSOC-Topologies/src/main/resources/OpenSOC_Configs//topologies/asa/topology_identifier.conf
2015-11-20 13:28:06 DEBUG ConfigurationUtils:449 - ConfigurationUtils.locate(): base is null, name is /Users/poj871/GitHubrepos/oss/opensoc-streaming/OpenSOC-Topologies/src/main/resources/OpenSOC_Configs//topologies/asa/topology_identifier.conf
2015-11-20 13:28:06 DEBUG DefaultFileSystem:281 - Could not locate file /Users/poj871/GitHubrepos/oss/opensoc-streaming/OpenSOC-Topologies/src/main/resources/OpenSOC_Configs//topologies/asa/topology_identifier.conf at null: no protocol: /Users/poj871/GitHubrepos/oss/opensoc-streaming/OpenSOC-Topologies/src/main/resources/OpenSOC_Configs//topologies/asa/topology_identifier.conf
2015-11-20 13:28:06 DEBUG ConfigurationUtils:471 - Loading configuration from the absolute path /Users/poj871/GitHubrepos/oss/opensoc-streaming/OpenSOC-Topologies/src/main/resources/OpenSOC_Configs//topologies/asa/topology_identifier.conf
2015-11-20 13:28:06 DEBUG PropertiesConfiguration:626 - Base path set to file:///Users/poj871/GitHubrepos/oss/opensoc-streaming/OpenSOC-Topologies/src/main/resources/OpenSOC_Configs/topologies/asa/topology_identifier.conf
2015-11-20 13:28:06 DEBUG PropertiesConfiguration:588 - FileName set to OpenSOC_Configs/etc/whitelists/known_hosts.conf
2015-11-20 13:28:06 DEBUG ConfigurationUtils:449 - ConfigurationUtils.locate(): base is null, name is OpenSOC_Configs/etc/whitelists/known_hosts.conf
2015-11-20 13:28:06 DEBUG DefaultFileSystem:281 - Could not locate file OpenSOC_Configs/etc/whitelists/known_hosts.conf at null: no protocol: OpenSOC_Configs/etc/whitelists/known_hosts.conf
2015-11-20 13:28:06 DEBUG ConfigurationUtils:550 - Loading configuration from the context classpath (OpenSOC_Configs/etc/whitelists/known_hosts.conf)
2015-11-20 13:28:06 DEBUG PropertiesConfiguration:626 - Base path set to file:///Users/poj871/GitHubrepos/oss/opensoc-streaming/OpenSOC-Topologies/target/classes/OpenSOC_Configs/etc/whitelists/known_hosts.conf
